<?xml version="1.0" encoding="UTF-8" standalone="yes"?>
<ns2:test-suite start="1474624340400" stop="1474624404339" xmlns:ns2="urn:model.allure.qatools.yandex.ru">
    <name>Test suite : Test</name>
    <title>Test suite : Test</title>
    <test-cases>
        <test-case start="1474624371669" stop="1474624392864" status="broken">
            <name>Test_Example_One</name>
            <failure>
                <message>TimeoutException: Timed out after 5 seconds waiting for element to be clickable: Proxy element for: DefaultElementLocator 'By.id: Passwd'
Build info: version: '2.53.1', revision: 'a36b8b1cd5757287168e54b817830adce9b0158d', time: '2016-06-30 19:26:09'
System info: host: 'Privat24-ПК', ip: '10.42.3.72', os.name: 'Windows 7', os.arch: 'amd64', os.version: '6.1', java.version: '1.7.0_55'
Session ID: a2c57a40-1912-4d17-bed0-7d73a62c7bf2
Driver info: org.openqa.selenium.firefox.FirefoxDriver
Capabilities [{platform=WINDOWS, acceptSslCerts=true, javascriptEnabled=true, cssSelectorsEnabled=true, databaseEnabled=true, browserName=firefox, handlesAlerts=true, nativeEvents=false, webStorageEnabled=true, rotatable=false, locationContextEnabled=false, applicationCacheEnabled=true, takesScreenshot=true, version=46.0.1}]</message>
                <stack-trace>org.openqa.selenium.TimeoutException: Timed out after 5 seconds waiting for element to be clickable: Proxy element for: DefaultElementLocator 'By.id: Passwd'
Build info: version: '2.53.1', revision: 'a36b8b1cd5757287168e54b817830adce9b0158d', time: '2016-06-30 19:26:09'
System info: host: 'Privat24-ПК', ip: '10.42.3.72', os.name: 'Windows 7', os.arch: 'amd64', os.version: '6.1', java.version: '1.7.0_55'
Session ID: a2c57a40-1912-4d17-bed0-7d73a62c7bf2
Driver info: org.openqa.selenium.firefox.FirefoxDriver
Capabilities [{platform=WINDOWS, acceptSslCerts=true, javascriptEnabled=true, cssSelectorsEnabled=true, databaseEnabled=true, browserName=firefox, handlesAlerts=true, nativeEvents=false, webStorageEnabled=true, rotatable=false, locationContextEnabled=false, applicationCacheEnabled=true, takesScreenshot=true, version=46.0.1}]
	at org.openqa.selenium.support.ui.WebDriverWait.timeoutException(WebDriverWait.java:80)
	at org.openqa.selenium.support.ui.FluentWait.until(FluentWait.java:261)
	at autoTests.CustomMethods.fillInFieldValue(CustomMethods.java:103)
	at autoTests.pages.main.TemplatePageObject.typePass(TemplatePageObject.java:68)
	at autoTests.TestSiute.Google_acc.Test_Example_One(Google_acc.java:27)
	at sun.reflect.NativeMethodAccessorImpl.invoke0(Native Method)
	at sun.reflect.NativeMethodAccessorImpl.invoke(NativeMethodAccessorImpl.java:57)
	at sun.reflect.DelegatingMethodAccessorImpl.invoke(DelegatingMethodAccessorImpl.java:43)
	at java.lang.reflect.Method.invoke(Method.java:606)
	at org.testng.internal.MethodInvocationHelper.invokeMethod(MethodInvocationHelper.java:86)
	at org.testng.internal.Invoker.invokeMethod(Invoker.java:643)
	at org.testng.internal.Invoker.invokeTestMethod(Invoker.java:820)
	at org.testng.internal.Invoker.invokeTestMethods(Invoker.java:1128)
	at org.testng.internal.TestMethodWorker.invokeTestMethods(TestMethodWorker.java:129)
	at org.testng.internal.TestMethodWorker.run(TestMethodWorker.java:112)
	at org.testng.TestRunner.privateRun(TestRunner.java:782)
	at org.testng.TestRunner.run(TestRunner.java:632)
	at org.testng.SuiteRunner.runTest(SuiteRunner.java:366)
	at org.testng.SuiteRunner.access$000(SuiteRunner.java:39)
	at org.testng.SuiteRunner$SuiteWorker.run(SuiteRunner.java:400)
	at org.testng.internal.thread.ThreadUtil$2.call(ThreadUtil.java:64)
	at java.util.concurrent.FutureTask.run(FutureTask.java:262)
	at java.util.concurrent.ThreadPoolExecutor.runWorker(ThreadPoolExecutor.java:1145)
	at java.util.concurrent.ThreadPoolExecutor$Worker.run(ThreadPoolExecutor.java:615)
	at java.lang.Thread.run(Thread.java:745)
Caused by: org.openqa.selenium.NoSuchElementException: Unable to locate element: {"method":"id","selector":"Passwd"}
Command duration or timeout: 10.06 seconds
For documentation on this error, please visit: http://seleniumhq.org/exceptions/no_such_element.html
Build info: version: '2.53.1', revision: 'a36b8b1cd5757287168e54b817830adce9b0158d', time: '2016-06-30 19:26:09'
System info: host: 'Privat24-ПК', ip: '10.42.3.72', os.name: 'Windows 7', os.arch: 'amd64', os.version: '6.1', java.version: '1.7.0_55'
*** Element info: {Using=id, value=Passwd}
Session ID: a2c57a40-1912-4d17-bed0-7d73a62c7bf2
Driver info: org.openqa.selenium.firefox.FirefoxDriver
Capabilities [{platform=WINDOWS, acceptSslCerts=true, javascriptEnabled=true, cssSelectorsEnabled=true, databaseEnabled=true, browserName=firefox, handlesAlerts=true, nativeEvents=false, webStorageEnabled=true, rotatable=false, locationContextEnabled=false, applicationCacheEnabled=true, takesScreenshot=true, version=46.0.1}]
	at sun.reflect.NativeConstructorAccessorImpl.newInstance0(Native Method)
	at sun.reflect.NativeConstructorAccessorImpl.newInstance(NativeConstructorAccessorImpl.java:57)
	at sun.reflect.DelegatingConstructorAccessorImpl.newInstance(DelegatingConstructorAccessorImpl.java:45)
	at java.lang.reflect.Constructor.newInstance(Constructor.java:526)
	at org.openqa.selenium.remote.ErrorHandler.createThrowable(ErrorHandler.java:206)
	at org.openqa.selenium.remote.ErrorHandler.throwIfResponseFailed(ErrorHandler.java:158)
	at org.openqa.selenium.remote.RemoteWebDriver.execute(RemoteWebDriver.java:678)
	at org.openqa.selenium.remote.RemoteWebDriver.findElement(RemoteWebDriver.java:363)
	at org.openqa.selenium.remote.RemoteWebDriver.findElementById(RemoteWebDriver.java:413)
	at org.openqa.selenium.By$ById.findElement(By.java:218)
	at org.openqa.selenium.remote.RemoteWebDriver.findElement(RemoteWebDriver.java:355)
	at org.openqa.selenium.support.pagefactory.DefaultElementLocator.findElement(DefaultElementLocator.java:69)
	at org.openqa.selenium.support.pagefactory.internal.LocatingElementHandler.invoke(LocatingElementHandler.java:38)
	at com.sun.proxy.$Proxy19.isDisplayed(Unknown Source)
	at org.openqa.selenium.support.ui.ExpectedConditions.elementIfVisible(ExpectedConditions.java:302)
	at org.openqa.selenium.support.ui.ExpectedConditions.access$100(ExpectedConditions.java:41)
	at org.openqa.selenium.support.ui.ExpectedConditions$10.apply(ExpectedConditions.java:288)
	at org.openqa.selenium.support.ui.ExpectedConditions$10.apply(ExpectedConditions.java:285)
	at org.openqa.selenium.support.ui.ExpectedConditions$23.apply(ExpectedConditions.java:687)
	at org.openqa.selenium.support.ui.ExpectedConditions$23.apply(ExpectedConditions.java:680)
	at org.openqa.selenium.support.ui.FluentWait.until(FluentWait.java:238)
	... 23 more
Caused by: org.openqa.selenium.NoSuchElementException: Unable to locate element: {"method":"id","selector":"Passwd"}
For documentation on this error, please visit: http://seleniumhq.org/exceptions/no_such_element.html
Build info: version: '2.53.1', revision: 'a36b8b1cd5757287168e54b817830adce9b0158d', time: '2016-06-30 19:26:09'
System info: host: 'Privat24-ПК', ip: '10.42.3.72', os.name: 'Windows 7', os.arch: 'amd64', os.version: '6.1', java.version: '1.7.0_55'
Driver info: driver.version: unknown
	at &lt;anonymous class&gt;.FirefoxDriver.prototype.findElementInternal_(file:///C:/Users/Privat24/AppData/Local/Temp/anonymous6047497892763677937webdriver-profile/extensions/fxdriver@googlecode.com/components/driver-component.js:10770)
	at &lt;anonymous class&gt;.fxdriver.Timer.prototype.setTimeout/&lt;.notify(file:///C:/Users/Privat24/AppData/Local/Temp/anonymous6047497892763677937webdriver-profile/extensions/fxdriver@googlecode.com/components/driver-component.js:625)
	at &lt;anonymous class&gt;.openModalWindow(resource://gre/components/nsPrompter.js:360)
	at &lt;anonymous class&gt;.ModalPrompter.prototype.openPrompt(resource://gre/components/nsPrompter.js:550)
	at &lt;anonymous class&gt;.ModalPrompter.prototype.nsIPrompt_promptUsernameAndPassword(resource://gre/components/nsPrompter.js:744)
	at &lt;anonymous class&gt;.ModalPrompter.prototype.promptAuth(resource://gre/components/nsPrompter.js:843)
	at &lt;anonymous class&gt;.Prompter.prototype.promptAuth(resource://gre/components/nsPrompter.js:108)
	at &lt;anonymous class&gt;.LoginManagerPrompter.prototype.promptAuth(resource://gre/components/nsLoginManagerPrompter.js:580)
	at &lt;anonymous class&gt;.LoginManagerPromptFactory.prototype._doAsyncPrompt/runnable.run(resource://gre/components/nsLoginManagerPrompter.js:108)
</stack-trace>
            </failure>
            <steps>
                <step start="1474624371878" stop="1474624372250" status="passed">
                    <name>typeEmail[vidok@mail.com]</name>
                    <title>Ввод почты</title>
                </step>
                <step start="1474624372250" stop="1474624372452" status="passed">
                    <name>clickNext</name>
                    <title>Клик по кнопке next</title>
                    <steps>
                        <step start="1474624372259" stop="1474624372452" status="passed">
                            <name>click[[[FirefoxDriver: firefox on WINDOWS (a2c57a40-1912-4d17-bed0-7d73a62c7bf2)] -&gt; id: next]]</name>
                            <title>Тест степа</title>
                        </step>
                    </steps>
                </step>
                <step start="1474624372452" stop="1474624392684" status="broken">
                    <name>typePass[password]</name>
                    <title>Ввод пароля</title>
                </step>
            </steps>
            <attachments/>
            <labels>
                <label name="host" value="Privat24-ПК"/>
                <label name="thread" value="47644@Privat24-ПК.TestNG(13)"/>
            </labels>
        </test-case>
        <test-case start="1474624393913" stop="1474624396270" status="failed">
            <name>Test_Example_Two</name>
            <failure>
                <message>AssertionError: expected [Введите адрес электронной почты] but found [Введите пароль.]</message>
                <stack-trace>java.lang.AssertionError: expected [Введите адрес электронной почты] but found [Введите пароль.]
	at org.testng.Assert.fail(Assert.java:94)
	at org.testng.Assert.failNotEquals(Assert.java:513)
	at org.testng.Assert.assertEqualsImpl(Assert.java:135)
	at org.testng.Assert.assertEquals(Assert.java:116)
	at org.testng.Assert.assertEquals(Assert.java:190)
	at org.testng.Assert.assertEquals(Assert.java:200)
	at autoTests.CustomMethods.assertThis(CustomMethods.java:98)
	at autoTests.pages.main.TemplatePageObject.assertErrMSG(TemplatePageObject.java:81)
	at autoTests.TestSiute.Google_acc.Test_Example_Two(Google_acc.java:41)
	at sun.reflect.NativeMethodAccessorImpl.invoke0(Native Method)
	at sun.reflect.NativeMethodAccessorImpl.invoke(NativeMethodAccessorImpl.java:57)
	at sun.reflect.DelegatingMethodAccessorImpl.invoke(DelegatingMethodAccessorImpl.java:43)
	at java.lang.reflect.Method.invoke(Method.java:606)
	at org.testng.internal.MethodInvocationHelper.invokeMethod(MethodInvocationHelper.java:86)
	at org.testng.internal.Invoker.invokeMethod(Invoker.java:643)
	at org.testng.internal.Invoker.invokeTestMethod(Invoker.java:820)
	at org.testng.internal.Invoker.invokeTestMethods(Invoker.java:1128)
	at org.testng.internal.TestMethodWorker.invokeTestMethods(TestMethodWorker.java:129)
	at org.testng.internal.TestMethodWorker.run(TestMethodWorker.java:112)
	at org.testng.TestRunner.privateRun(TestRunner.java:782)
	at org.testng.TestRunner.run(TestRunner.java:632)
	at org.testng.SuiteRunner.runTest(SuiteRunner.java:366)
	at org.testng.SuiteRunner.access$000(SuiteRunner.java:39)
	at org.testng.SuiteRunner$SuiteWorker.run(SuiteRunner.java:400)
	at org.testng.internal.thread.ThreadUtil$2.call(ThreadUtil.java:64)
	at java.util.concurrent.FutureTask.run(FutureTask.java:262)
	at java.util.concurrent.ThreadPoolExecutor.runWorker(ThreadPoolExecutor.java:1145)
	at java.util.concurrent.ThreadPoolExecutor$Worker.run(ThreadPoolExecutor.java:615)
	at java.lang.Thread.run(Thread.java:745)
</stack-trace>
            </failure>
            <steps>
                <step start="1474624393914" stop="1474624396236" status="passed">
                    <name>author[v-i-d-o-k@mail.ru, password]</name>
                    <title>Авторизация</title>
                    <steps>
                        <step start="1474624393914" stop="1474624394161" status="passed">
                            <name>typeEmail[v-i-d-o-k@mail.ru]</name>
                            <title>Ввод почты</title>
                        </step>
                        <step start="1474624394161" stop="1474624394303" status="passed">
                            <name>clickNext</name>
                            <title>Клик по кнопке next</title>
                            <steps>
                                <step start="1474624394166" stop="1474624394303" status="passed">
                                    <name>click[[[FirefoxDriver: firefox on WINDOWS (a2c57a40-1912-4d17-bed0-7d73a62c7bf2)] -&gt; id: next]]</name>
                                    <title>Тест степа</title>
                                </step>
                            </steps>
                        </step>
                        <step start="1474624394304" stop="1474624395706" status="passed">
                            <name>typePass[password]</name>
                            <title>Ввод пароля</title>
                            <steps>
                                <step start="1474624395034" stop="1474624395706" status="passed">
                                    <name>click[[[FirefoxDriver: firefox on WINDOWS (a2c57a40-1912-4d17-bed0-7d73a62c7bf2)] -&gt; id: signIn]]</name>
                                    <title>Тест степа</title>
                                </step>
                            </steps>
                        </step>
                        <step start="1474624395706" stop="1474624396236" status="passed">
                            <name>clickSignIn</name>
                            <title>Нажать на кнопку авторизации</title>
                            <steps>
                                <step start="1474624395714" stop="1474624396236" status="passed">
                                    <name>click[[[FirefoxDriver: firefox on WINDOWS (a2c57a40-1912-4d17-bed0-7d73a62c7bf2)] -&gt; id: signIn]]</name>
                                    <title>Тест степа</title>
                                </step>
                            </steps>
                        </step>
                    </steps>
                </step>
                <step start="1474624396236" stop="1474624396270" status="failed">
                    <name>assertErrMSG[Введите адрес электронной почты]</name>
                    <title>Проверка сообения о ошибке</title>
                </step>
            </steps>
            <attachments>
                <attachment title="Page screenshot" source="333fcebb-41a3-4bd9-a673-7c253aa26ac1-attachment.png" type="image/png"/>
            </attachments>
            <labels>
                <label name="host" value="Privat24-ПК"/>
                <label name="thread" value="47644@Privat24-ПК.TestNG(13)"/>
            </labels>
        </test-case>
        <test-case start="1474624398362" stop="1474624400554" status="failed">
            <name>Test_Example_One[password,vidok@mail.ru]</name>
            <title>Вход в Google аккаунт</title>
            <description type="text">Ввод не верного пароля</description>
            <failure>
                <message>AssertionError: expected [Введите адрес электронной почты] but found [Введите пароль.]</message>
                <stack-trace>java.lang.AssertionError: expected [Введите адрес электронной почты] but found [Введите пароль.]
	at org.testng.Assert.fail(Assert.java:94)
	at org.testng.Assert.failNotEquals(Assert.java:513)
	at org.testng.Assert.assertEqualsImpl(Assert.java:135)
	at org.testng.Assert.assertEquals(Assert.java:116)
	at org.testng.Assert.assertEquals(Assert.java:190)
	at org.testng.Assert.assertEquals(Assert.java:200)
	at autoTests.CustomMethods.assertThis(CustomMethods.java:98)
	at autoTests.pages.main.TemplatePageObject.assertErrMSG(TemplatePageObject.java:81)
	at autoTests.TestSiute.Google_search.Test_Example_One(Google_search.java:50)
	at sun.reflect.NativeMethodAccessorImpl.invoke0(Native Method)
	at sun.reflect.NativeMethodAccessorImpl.invoke(NativeMethodAccessorImpl.java:57)
	at sun.reflect.DelegatingMethodAccessorImpl.invoke(DelegatingMethodAccessorImpl.java:43)
	at java.lang.reflect.Method.invoke(Method.java:606)
	at org.testng.internal.MethodInvocationHelper.invokeMethod(MethodInvocationHelper.java:86)
	at org.testng.internal.Invoker.invokeMethod(Invoker.java:643)
	at org.testng.internal.Invoker.invokeTestMethod(Invoker.java:820)
	at org.testng.internal.Invoker.invokeTestMethods(Invoker.java:1128)
	at org.testng.internal.TestMethodWorker.invokeTestMethods(TestMethodWorker.java:129)
	at org.testng.internal.TestMethodWorker.run(TestMethodWorker.java:112)
	at org.testng.TestRunner.privateRun(TestRunner.java:782)
	at org.testng.TestRunner.run(TestRunner.java:632)
	at org.testng.SuiteRunner.runTest(SuiteRunner.java:366)
	at org.testng.SuiteRunner.access$000(SuiteRunner.java:39)
	at org.testng.SuiteRunner$SuiteWorker.run(SuiteRunner.java:400)
	at org.testng.internal.thread.ThreadUtil$2.call(ThreadUtil.java:64)
	at java.util.concurrent.FutureTask.run(FutureTask.java:262)
	at java.util.concurrent.ThreadPoolExecutor.runWorker(ThreadPoolExecutor.java:1145)
	at java.util.concurrent.ThreadPoolExecutor$Worker.run(ThreadPoolExecutor.java:615)
	at java.lang.Thread.run(Thread.java:745)
</stack-trace>
            </failure>
            <steps>
                <step start="1474624398363" stop="1474624398546" status="passed">
                    <name>typeEmail[vidok@mail.ru]</name>
                    <title>Ввод почты</title>
                </step>
                <step start="1474624398546" stop="1474624398641" status="passed">
                    <name>clickNext</name>
                    <title>Клик по кнопке next</title>
                    <steps>
                        <step start="1474624398551" stop="1474624398641" status="passed">
                            <name>click[[[FirefoxDriver: firefox on WINDOWS (a2c57a40-1912-4d17-bed0-7d73a62c7bf2)] -&gt; id: next]]</name>
                            <title>Тест степа</title>
                        </step>
                    </steps>
                </step>
                <step start="1474624398641" stop="1474624399975" status="passed">
                    <name>typePass[password]</name>
                    <title>Ввод пароля</title>
                    <steps>
                        <step start="1474624399429" stop="1474624399975" status="passed">
                            <name>click[[[FirefoxDriver: firefox on WINDOWS (a2c57a40-1912-4d17-bed0-7d73a62c7bf2)] -&gt; id: signIn]]</name>
                            <title>Тест степа</title>
                        </step>
                    </steps>
                </step>
                <step start="1474624399975" stop="1474624400524" status="passed">
                    <name>clickSignIn</name>
                    <title>Нажать на кнопку авторизации</title>
                    <steps>
                        <step start="1474624399986" stop="1474624400524" status="passed">
                            <name>click[[[FirefoxDriver: firefox on WINDOWS (a2c57a40-1912-4d17-bed0-7d73a62c7bf2)] -&gt; id: signIn]]</name>
                            <title>Тест степа</title>
                        </step>
                    </steps>
                </step>
                <step start="1474624400524" stop="1474624400554" status="failed">
                    <name>assertErrMSG[Введите адрес электронной почты]</name>
                    <title>Проверка сообения о ошибке</title>
                </step>
            </steps>
            <attachments>
                <attachment title="Page screenshot" source="2dcf34a6-b7a8-4968-8302-bc97cad9eac4-attachment.png" type="image/png"/>
            </attachments>
            <labels>
                <label name="severity" value="critical"/>
                <label name="story" value="Истории"/>
                <label name="feature" value="Особенности"/>
                <label name="host" value="Privat24-ПК"/>
                <label name="thread" value="47644@Privat24-ПК.TestNG(13)"/>
            </labels>
        </test-case>
        <test-case start="1474624401828" stop="1474624404169" status="failed">
            <name>Test_Example_One[password,vidok@mail.ru]</name>
            <title>Вход в Google аккаунт</title>
            <description type="text">Ввод не верного пароля</description>
            <failure>
                <message>AssertionError: expected [Введите адрес электронной почты] but found [Введите пароль.]</message>
                <stack-trace>java.lang.AssertionError: expected [Введите адрес электронной почты] but found [Введите пароль.]
	at org.testng.Assert.fail(Assert.java:94)
	at org.testng.Assert.failNotEquals(Assert.java:513)
	at org.testng.Assert.assertEqualsImpl(Assert.java:135)
	at org.testng.Assert.assertEquals(Assert.java:116)
	at org.testng.Assert.assertEquals(Assert.java:190)
	at org.testng.Assert.assertEquals(Assert.java:200)
	at autoTests.CustomMethods.assertThis(CustomMethods.java:98)
	at autoTests.pages.main.TemplatePageObject.assertErrMSG(TemplatePageObject.java:81)
	at autoTests.TestSiute.Google_search.Test_Example_One(Google_search.java:50)
	at sun.reflect.NativeMethodAccessorImpl.invoke0(Native Method)
	at sun.reflect.NativeMethodAccessorImpl.invoke(NativeMethodAccessorImpl.java:57)
	at sun.reflect.DelegatingMethodAccessorImpl.invoke(DelegatingMethodAccessorImpl.java:43)
	at java.lang.reflect.Method.invoke(Method.java:606)
	at org.testng.internal.MethodInvocationHelper.invokeMethod(MethodInvocationHelper.java:86)
	at org.testng.internal.Invoker.invokeMethod(Invoker.java:643)
	at org.testng.internal.Invoker.invokeTestMethod(Invoker.java:820)
	at org.testng.internal.Invoker.invokeTestMethods(Invoker.java:1128)
	at org.testng.internal.TestMethodWorker.invokeTestMethods(TestMethodWorker.java:129)
	at org.testng.internal.TestMethodWorker.run(TestMethodWorker.java:112)
	at org.testng.TestRunner.privateRun(TestRunner.java:782)
	at org.testng.TestRunner.run(TestRunner.java:632)
	at org.testng.SuiteRunner.runTest(SuiteRunner.java:366)
	at org.testng.SuiteRunner.access$000(SuiteRunner.java:39)
	at org.testng.SuiteRunner$SuiteWorker.run(SuiteRunner.java:400)
	at org.testng.internal.thread.ThreadUtil$2.call(ThreadUtil.java:64)
	at java.util.concurrent.FutureTask.run(FutureTask.java:262)
	at java.util.concurrent.ThreadPoolExecutor.runWorker(ThreadPoolExecutor.java:1145)
	at java.util.concurrent.ThreadPoolExecutor$Worker.run(ThreadPoolExecutor.java:615)
	at java.lang.Thread.run(Thread.java:745)
</stack-trace>
            </failure>
            <steps>
                <step start="1474624401829" stop="1474624402095" status="passed">
                    <name>typeEmail[vidok@mail.ru]</name>
                    <title>Ввод почты</title>
                </step>
                <step start="1474624402095" stop="1474624402257" status="passed">
                    <name>clickNext</name>
                    <title>Клик по кнопке next</title>
                    <steps>
                        <step start="1474624402102" stop="1474624402257" status="passed">
                            <name>click[[[FirefoxDriver: firefox on WINDOWS (a2c57a40-1912-4d17-bed0-7d73a62c7bf2)] -&gt; id: next]]</name>
                            <title>Тест степа</title>
                        </step>
                    </steps>
                </step>
                <step start="1474624402257" stop="1474624403596" status="passed">
                    <name>typePass[password]</name>
                    <title>Ввод пароля</title>
                    <steps>
                        <step start="1474624403040" stop="1474624403596" status="passed">
                            <name>click[[[FirefoxDriver: firefox on WINDOWS (a2c57a40-1912-4d17-bed0-7d73a62c7bf2)] -&gt; id: signIn]]</name>
                            <title>Тест степа</title>
                        </step>
                    </steps>
                </step>
                <step start="1474624403597" stop="1474624404134" status="passed">
                    <name>clickSignIn</name>
                    <title>Нажать на кнопку авторизации</title>
                    <steps>
                        <step start="1474624403603" stop="1474624404134" status="passed">
                            <name>click[[[FirefoxDriver: firefox on WINDOWS (a2c57a40-1912-4d17-bed0-7d73a62c7bf2)] -&gt; id: signIn]]</name>
                            <title>Тест степа</title>
                        </step>
                    </steps>
                </step>
                <step start="1474624404134" stop="1474624404168" status="failed">
                    <name>assertErrMSG[Введите адрес электронной почты]</name>
                    <title>Проверка сообения о ошибке</title>
                </step>
            </steps>
            <attachments>
                <attachment title="Page screenshot" source="1127e3da-693e-4a11-82d1-60a65b1567ea-attachment.png" type="image/png"/>
            </attachments>
            <labels>
                <label name="severity" value="critical"/>
                <label name="story" value="Истории"/>
                <label name="feature" value="Особенности"/>
                <label name="host" value="Privat24-ПК"/>
                <label name="thread" value="47644@Privat24-ПК.TestNG(13)"/>
            </labels>
        </test-case>
    </test-cases>
    <labels>
        <label name="framework" value="TestNG"/>
        <label name="language" value="JAVA"/>
    </labels>
</ns2:test-suite>
