<?xml version="1.0" encoding="UTF-8"?>
<!-- Generated by org.testng.reporters.JUnitXMLReporter -->
<testsuite hostname="Privat24-ПК" name="Test" tests="4" failures="4" timestamp="23 Sep 2016 09:53:24 GMT" time="63.894" errors="0">
  <testcase name="Test_Example_One" time="21.404" classname="autoTests.TestSiute.Google_acc">
    <failure type="org.openqa.selenium.TimeoutException" message="Timed out after 5 seconds waiting for element to be clickable: Proxy element for: DefaultElementLocator &amp;apos;By.id: Passwd&amp;apos;
Build info: version: &amp;apos;2.53.1&amp;apos;, revision: &amp;apos;a36b8b1cd5757287168e54b817830adce9b0158d&amp;apos;, time: &amp;apos;2016-06-30 19:26:09&amp;apos;
System info: host: &amp;apos;Privat24-ПК&amp;apos;, ip: &amp;apos;10.42.3.72&amp;apos;, os.name: &amp;apos;Windows 7&amp;apos;, os.arch: &amp;apos;amd64&amp;apos;, os.version: &amp;apos;6.1&amp;apos;, java.version: &amp;apos;1.7.0_55&amp;apos;
Session ID: a2c57a40-1912-4d17-bed0-7d73a62c7bf2
Driver info: org.openqa.selenium.firefox.FirefoxDriver
Capabilities [{platform=WINDOWS, acceptSslCerts=true, javascriptEnabled=true, cssSelectorsEnabled=true, databaseEnabled=true, browserName=firefox, handlesAlerts=true, nativeEvents=false, webStorageEnabled=true, rotatable=false, locationContextEnabled=false, applicationCacheEnabled=true, takesScreenshot=true, version=46.0.1}]">
      <![CDATA[org.openqa.selenium.TimeoutException: Timed out after 5 seconds waiting for element to be clickable: Proxy element for: DefaultElementLocator 'By.id: Passwd'
Build info: version: '2.53.1', revision: 'a36b8b1cd5757287168e54b817830adce9b0158d', time: '2016-06-30 19:26:09'
System info: host: 'Privat24-ПК', ip: '10.42.3.72', os.name: 'Windows 7', os.arch: 'amd64', os.version: '6.1', java.version: '1.7.0_55'
Session ID: a2c57a40-1912-4d17-bed0-7d73a62c7bf2
Driver info: org.openqa.selenium.firefox.FirefoxDriver
Capabilities [{platform=WINDOWS, acceptSslCerts=true, javascriptEnabled=true, cssSelectorsEnabled=true, databaseEnabled=true, browserName=firefox, handlesAlerts=true, nativeEvents=false, webStorageEnabled=true, rotatable=false, locationContextEnabled=false, applicationCacheEnabled=true, takesScreenshot=true, version=46.0.1}]
	at org.openqa.selenium.support.ui.WebDriverWait.timeoutException(WebDriverWait.java:80)
	at org.openqa.selenium.support.ui.FluentWait.until(FluentWait.java:261)
	at autoTests.CustomMethods.fillInFieldValue(CustomMethods.java:103)
	at autoTests.pages.main.TemplatePageObject.typePass(TemplatePageObject.java:68)
	at autoTests.TestSiute.Google_acc.Test_Example_One(Google_acc.java:27)
	at java.util.concurrent.FutureTask.run(FutureTask.java:262)
	at java.util.concurrent.ThreadPoolExecutor.runWorker(ThreadPoolExecutor.java:1145)
	at java.util.concurrent.ThreadPoolExecutor$Worker.run(ThreadPoolExecutor.java:615)
	at java.lang.Thread.run(Thread.java:745)
Caused by: org.openqa.selenium.NoSuchElementException: Unable to locate element: {"method":"id","selector":"Passwd"}
Command duration or timeout: 10.06 seconds
For documentation on this error, please visit: http://seleniumhq.org/exceptions/no_such_element.html
Build info: version: '2.53.1', revision: 'a36b8b1cd5757287168e54b817830adce9b0158d', time: '2016-06-30 19:26:09'
System info: host: 'Privat24-ПК', ip: '10.42.3.72', os.name: 'Windows 7', os.arch: 'amd64', os.version: '6.1', java.version: '1.7.0_55'
*** Element info: {Using=id, value=Passwd}
Session ID: a2c57a40-1912-4d17-bed0-7d73a62c7bf2
Driver info: org.openqa.selenium.firefox.FirefoxDriver
Capabilities [{platform=WINDOWS, acceptSslCerts=true, javascriptEnabled=true, cssSelectorsEnabled=true, databaseEnabled=true, browserName=firefox, handlesAlerts=true, nativeEvents=false, webStorageEnabled=true, rotatable=false, locationContextEnabled=false, applicationCacheEnabled=true, takesScreenshot=true, version=46.0.1}]
	at org.openqa.selenium.remote.ErrorHandler.createThrowable(ErrorHandler.java:206)
	at org.openqa.selenium.remote.ErrorHandler.throwIfResponseFailed(ErrorHandler.java:158)
	at org.openqa.selenium.remote.RemoteWebDriver.execute(RemoteWebDriver.java:678)
	at org.openqa.selenium.remote.RemoteWebDriver.findElement(RemoteWebDriver.java:363)
	at org.openqa.selenium.remote.RemoteWebDriver.findElementById(RemoteWebDriver.java:413)
	at org.openqa.selenium.By$ById.findElement(By.java:218)
	at org.openqa.selenium.remote.RemoteWebDriver.findElement(RemoteWebDriver.java:355)
	at org.openqa.selenium.support.pagefactory.DefaultElementLocator.findElement(DefaultElementLocator.java:69)
	at org.openqa.selenium.support.pagefactory.internal.LocatingElementHandler.invoke(LocatingElementHandler.java:38)
	at com.sun.proxy.$Proxy19.isDisplayed(Unknown Source)
	at org.openqa.selenium.support.ui.ExpectedConditions.elementIfVisible(ExpectedConditions.java:302)
	at org.openqa.selenium.support.ui.ExpectedConditions.access$100(ExpectedConditions.java:41)
	at org.openqa.selenium.support.ui.ExpectedConditions$10.apply(ExpectedConditions.java:288)
	at org.openqa.selenium.support.ui.ExpectedConditions$10.apply(ExpectedConditions.java:285)
	at org.openqa.selenium.support.ui.ExpectedConditions$23.apply(ExpectedConditions.java:687)
	at org.openqa.selenium.support.ui.ExpectedConditions$23.apply(ExpectedConditions.java:680)
	at org.openqa.selenium.support.ui.FluentWait.until(FluentWait.java:238)
	... 23 more
Caused by: org.openqa.selenium.NoSuchElementException: Unable to locate element: {"method":"id","selector":"Passwd"}
For documentation on this error, please visit: http://seleniumhq.org/exceptions/no_such_element.html
Build info: version: '2.53.1', revision: 'a36b8b1cd5757287168e54b817830adce9b0158d', time: '2016-06-30 19:26:09'
System info: host: 'Privat24-ПК', ip: '10.42.3.72', os.name: 'Windows 7', os.arch: 'amd64', os.version: '6.1', java.version: '1.7.0_55'
Driver info: driver.version: unknown
	at <anonymous class>.FirefoxDriver.prototype.findElementInternal_(file:///C:/Users/Privat24/AppData/Local/Temp/anonymous6047497892763677937webdriver-profile/extensions/fxdriver@googlecode.com/components/driver-component.js:10770)
	at <anonymous class>.fxdriver.Timer.prototype.setTimeout/<.notify(file:///C:/Users/Privat24/AppData/Local/Temp/anonymous6047497892763677937webdriver-profile/extensions/fxdriver@googlecode.com/components/driver-component.js:625)
	at <anonymous class>.openModalWindow(resource://gre/components/nsPrompter.js:360)
	at <anonymous class>.ModalPrompter.prototype.openPrompt(resource://gre/components/nsPrompter.js:550)
	at <anonymous class>.ModalPrompter.prototype.nsIPrompt_promptUsernameAndPassword(resource://gre/components/nsPrompter.js:744)
	at <anonymous class>.ModalPrompter.prototype.promptAuth(resource://gre/components/nsPrompter.js:843)
	at <anonymous class>.Prompter.prototype.promptAuth(resource://gre/components/nsPrompter.js:108)
	at <anonymous class>.LoginManagerPrompter.prototype.promptAuth(resource://gre/components/nsLoginManagerPrompter.js:580)
	at <anonymous class>.LoginManagerPromptFactory.prototype._doAsyncPrompt/runnable.run(resource://gre/components/nsLoginManagerPrompter.js:108)
... Removed 20 stack frames]]>
    </failure>
  </testcase> <!-- Test_Example_One -->
  <testcase name="Test_Example_Two" time="2.357" classname="autoTests.TestSiute.Google_acc">
    <failure type="java.lang.AssertionError" message="expected [Введите адрес электронной почты] but found [Введите пароль.]">
      <![CDATA[java.lang.AssertionError: expected [Введите адрес электронной почты] but found [Введите пароль.]
	at autoTests.CustomMethods.assertThis(CustomMethods.java:98)
	at autoTests.pages.main.TemplatePageObject.assertErrMSG(TemplatePageObject.java:81)
	at autoTests.TestSiute.Google_acc.Test_Example_Two(Google_acc.java:41)
	at java.util.concurrent.FutureTask.run(FutureTask.java:262)
	at java.util.concurrent.ThreadPoolExecutor.runWorker(ThreadPoolExecutor.java:1145)
	at java.util.concurrent.ThreadPoolExecutor$Worker.run(ThreadPoolExecutor.java:615)
	at java.lang.Thread.run(Thread.java:745)
... Removed 22 stack frames]]>
    </failure>
  </testcase> <!-- Test_Example_Two -->
  <testcase name="Test_Example_One" time="2.193" classname="autoTests.TestSiute.Google_search">
    <failure type="java.lang.AssertionError" message="expected [Введите адрес электронной почты] but found [Введите пароль.]">
      <![CDATA[java.lang.AssertionError: expected [Введите адрес электронной почты] but found [Введите пароль.]
	at autoTests.CustomMethods.assertThis(CustomMethods.java:98)
	at autoTests.pages.main.TemplatePageObject.assertErrMSG(TemplatePageObject.java:81)
	at autoTests.TestSiute.Google_search.Test_Example_One(Google_search.java:50)
	at java.util.concurrent.FutureTask.run(FutureTask.java:262)
	at java.util.concurrent.ThreadPoolExecutor.runWorker(ThreadPoolExecutor.java:1145)
	at java.util.concurrent.ThreadPoolExecutor$Worker.run(ThreadPoolExecutor.java:615)
	at java.lang.Thread.run(Thread.java:745)
... Removed 22 stack frames]]>
    </failure>
  </testcase> <!-- Test_Example_One -->
  <testcase name="Test_Example_One" time="2.34" classname="autoTests.TestSiute.Google_search">
    <failure type="java.lang.AssertionError" message="expected [Введите адрес электронной почты] but found [Введите пароль.]">
      <![CDATA[java.lang.AssertionError: expected [Введите адрес электронной почты] but found [Введите пароль.]
	at autoTests.CustomMethods.assertThis(CustomMethods.java:98)
	at autoTests.pages.main.TemplatePageObject.assertErrMSG(TemplatePageObject.java:81)
	at autoTests.TestSiute.Google_search.Test_Example_One(Google_search.java:50)
	at java.util.concurrent.FutureTask.run(FutureTask.java:262)
	at java.util.concurrent.ThreadPoolExecutor.runWorker(ThreadPoolExecutor.java:1145)
	at java.util.concurrent.ThreadPoolExecutor$Worker.run(ThreadPoolExecutor.java:615)
	at java.lang.Thread.run(Thread.java:745)
... Removed 22 stack frames]]>
    </failure>
  </testcase> <!-- Test_Example_One -->
</testsuite> <!-- Test -->
